<?xml version="1.0" encoding="UTF-8"?>
<!-- Generated by org.testng.reporters.JUnitReportReporter -->
<testsuite skipped="0" hostname="Navneet" name="com.Wu.testCase.LoginTest" tests="1" failures="1" timestamp="11 Apr 2020 15:16:53 GMT" time="1.579" errors="0">
  <testcase name="registeration" time="1.579" classname="com.Wu.testCase.LoginTest">
    <failure type="java.lang.AssertionError" message="expected [Username or Password already exists.] but found []">
      <![CDATA[java.lang.AssertionError: expected [Username or Password already exists.] but found []
at com.Wu.testCase.LoginTest.registeration(LoginTest.java:35)
]]>
    </failure>
  </testcase> <!-- registeration -->
</testsuite> <!-- com.Wu.testCase.LoginTest -->
